c:\users\petr\desktop\ppr\msvc\x64\release\vc142.pdb
c:\users\petr\desktop\ppr\msvc\x64\release\timer.obj
c:\users\petr\desktop\ppr\msvc\x64\release\stats.obj
c:\users\petr\desktop\ppr\msvc\x64\release\naive.obj
c:\users\petr\desktop\ppr\msvc\x64\release\main.obj
c:\users\petr\desktop\ppr\compiled\pprsolver.exe
c:\users\petr\desktop\ppr\msvc\x64\release\main.asm
c:\users\petr\desktop\ppr\msvc\x64\release\naive.asm
c:\users\petr\desktop\ppr\msvc\x64\release\stats.asm
c:\users\petr\desktop\ppr\msvc\x64\release\timer.asm
c:\users\petr\desktop\ppr\compiled\pprsolver.pdb
c:\users\petr\desktop\ppr\compiled\pprsolver.ipdb
c:\users\petr\desktop\ppr\compiled\pprsolver.iobj
c:\users\petr\desktop\ppr\msvc\..\compiled\pprsolver.exe
c:\users\petr\desktop\ppr\msvc\x64\release\pprsolver.tlog\cl.command.1.tlog
c:\users\petr\desktop\ppr\msvc\x64\release\pprsolver.tlog\cl.read.1.tlog
c:\users\petr\desktop\ppr\msvc\x64\release\pprsolver.tlog\cl.write.1.tlog
c:\users\petr\desktop\ppr\msvc\x64\release\pprsolver.tlog\link.command.1.tlog
c:\users\petr\desktop\ppr\msvc\x64\release\pprsolver.tlog\link.read.1.tlog
c:\users\petr\desktop\ppr\msvc\x64\release\pprsolver.tlog\link.write.1.tlog
c:\users\petr\desktop\ppr\msvc\x64\release\pprsolver.tlog\pprsolver.write.1u.tlog
